\BOOKMARK [1][-]{section.1}{Einleitung}{}% 1
\BOOKMARK [1][-]{section.2}{Stand der Technik}{}% 2
\BOOKMARK [2][-]{subsection.2.1}{Diamant-Mikroschneiden}{section.2}% 3
\BOOKMARK [2][-]{subsection.2.2}{Nano Fast Tool Servos \(nFTS\)}{section.2}% 4
\BOOKMARK [1][-]{section.3}{Konzeptentwicklung}{}% 5
\BOOKMARK [1][-]{section.4}{Entwicklung der Motoransteuerng}{}% 6
\BOOKMARK [2][-]{subsection.4.1}{STorM32BGC und ESC}{section.4}% 7
\BOOKMARK [2][-]{subsection.4.2}{L293D}{section.4}% 8
\BOOKMARK [2][-]{subsection.4.3}{Layout}{section.4}% 9
\BOOKMARK [1][-]{section.5}{Aufbau des Gesamtsystems}{}% 10
\BOOKMARK [1][-]{section.6}{Daten\374bertragung}{}% 11
\BOOKMARK [1][-]{section.7}{Hardwareentwicklung}{}% 12
\BOOKMARK [2][-]{subsection.7.1}{Aufbau der Schaltung}{section.7}% 13
\BOOKMARK [2][-]{subsection.7.2}{Steuerung der Motoren}{section.7}% 14
\BOOKMARK [2][-]{subsection.7.3}{Konstruktion des Gestells}{section.7}% 15
\BOOKMARK [1][-]{section.8}{Algorithmus zur Werkzeugerkennung}{}% 16
\BOOKMARK [2][-]{subsection.8.1}{Funktionsweise}{section.8}% 17
\BOOKMARK [1][-]{section.9}{Graphische Oberfl\344che}{}% 18
\BOOKMARK [2][-]{subsection.9.1}{Berechnungen}{section.9}% 19
\BOOKMARK [3][-]{subsubsection.9.1.1}{Steps}{subsection.9.1}% 20
\BOOKMARK [2][-]{subsection.9.2}{Abstand und Winkel}{section.9}% 21
\BOOKMARK [1][-]{section.10}{Bedienungsanleitung}{}% 22
\BOOKMARK [1][-]{section.11}{Schlusswort}{}% 23
\BOOKMARK [1][-]{appendix.A}{Schaltplan}{}% 24
\BOOKMARK [1][-]{appendix.B}{Abbildungsverzeichnis}{}% 25
\BOOKMARK [1][-]{appendix.C}{Tabellenverzeichnis}{}% 26
